<?xml version="1.0" encoding="UTF-8"?>
<!-- Generated by org.testng.reporters.JUnitReportReporter -->
<testsuite skipped="0" hostname="DESKTOP-CM06VK0" name="com.OHRM.testcases.LoginTest" tests="2" failures="0" timestamp="2019-09-02T19:33:17 IST" time="2.054" errors="0">
  <testcase name="OHRMlogin_test" time="2.036" classname="com.OHRM.testcases.LoginTest"/>
  <testcase name="OHRM_Homepage_test" time="0.018" classname="com.OHRM.testcases.LoginTest"/>
</testsuite> <!-- com.OHRM.testcases.LoginTest -->
